[2025-09-16T16:29:40.854Z] [INFO] ===== INICIANDO SISTEMA DA PADARIA DOCE SABOR =====
[2025-09-16T16:29:40.861Z] [INFO] Buscando todos os produtos...
[2025-09-16T16:29:40.862Z] [INFO] Buscando todas as categorias...
[2025-09-16T16:29:40.867Z] [INFO] Adicionando novo produto: Sonho de Creme
[2025-09-16T16:29:40.867Z] [INFO] Buscando todos os produtos...
[2025-09-16T16:29:40.869Z] [INFO] Produto "Sonho de Creme" adicionado com sucesso com o ID 4.
[2025-09-16T16:29:40.870Z] [INFO] Buscando todos os produtos...
[2025-09-16T16:29:40.872Z] [INFO] Buscando produto com ID: 2
[2025-09-16T16:29:40.872Z] [INFO] Buscando todos os produtos...
[2025-09-16T16:29:40.873Z] [INFO] Produto encontrado: Bolo de Chocolate
[2025-09-16T16:29:40.873Z] [INFO] ===== SISTEMA DA PADARIA FINALIZADO =====
[2025-09-16T16:30:25.301Z] [INFO] ===== INICIANDO SISTEMA DA PADARIA DOCE SABOR =====
[2025-09-16T16:30:25.307Z] [INFO] Buscando todos os produtos...
[2025-09-16T16:30:25.308Z] [INFO] Buscando todas as categorias...
[2025-09-16T16:30:25.310Z] [INFO] Adicionando novo produto: Sonho de Creme
[2025-09-16T16:30:25.310Z] [INFO] Buscando todos os produtos...
[2025-09-16T16:30:25.312Z] [INFO] Produto "Sonho de Creme" adicionado com sucesso com o ID 5.
[2025-09-16T16:30:25.312Z] [INFO] Buscando todos os produtos...
[2025-09-16T16:30:25.314Z] [INFO] Buscando produto com ID: 2
[2025-09-16T16:30:25.314Z] [INFO] Buscando todos os produtos...
[2025-09-16T16:30:25.314Z] [INFO] Produto encontrado: Bolo de Chocolate
[2025-09-16T16:30:25.315Z] [INFO] ===== SISTEMA DA PADARIA FINALIZADO =====
[2025-09-16T16:30:59.067Z] [INFO] ===== INICIANDO SISTEMA DA PADARIA DOCE SABOR =====
[2025-09-16T16:30:59.074Z] [INFO] Buscando todos os produtos...
[2025-09-16T16:30:59.075Z] [INFO] Buscando todas as categorias...
[2025-09-16T16:30:59.079Z] [INFO] Adicionando novo produto: Sonho de Creme
[2025-09-16T16:30:59.079Z] [INFO] Buscando todos os produtos...
[2025-09-16T16:30:59.081Z] [INFO] Produto "Sonho de Creme" adicionado com sucesso com o ID 6.
[2025-09-16T16:30:59.082Z] [INFO] Buscando todos os produtos...
[2025-09-16T16:30:59.084Z] [INFO] Buscando produto com ID: 2
[2025-09-16T16:30:59.084Z] [INFO] Buscando todos os produtos...
[2025-09-16T16:30:59.085Z] [INFO] ===== SISTEMA DA PADARIA FINALIZADO =====
[2025-09-16T16:30:59.084Z] [INFO] Produto encontrado: Bolo de Chocolate
[2025-09-16T16:32:51.514Z] [INFO] ===== INICIANDO SISTEMA DA PADARIA DOCE SABOR =====
[2025-09-16T16:32:51.518Z] [INFO] Buscando todos os produtos...
[2025-09-16T16:32:51.519Z] [INFO] Buscando todas as categorias...
[2025-09-16T16:32:51.522Z] [INFO] Adicionando novo produto: Sonho de Creme
[2025-09-16T16:32:51.522Z] [INFO] Buscando todos os produtos...
[2025-09-16T16:32:51.524Z] [INFO] Produto "Sonho de Creme" adicionado com sucesso com o ID 7.
[2025-09-16T16:32:51.524Z] [INFO] Buscando todos os produtos...
[2025-09-16T16:32:51.526Z] [INFO] Buscando produto com ID: 2
[2025-09-16T16:32:51.526Z] [INFO] Buscando todos os produtos...
[2025-09-16T16:32:51.526Z] [INFO] Produto encontrado: Bolo de Chocolate
[2025-09-16T16:32:51.526Z] [INFO] ===== SISTEMA DA PADARIA FINALIZADO =====
[2025-09-16T16:33:17.621Z] [INFO] ===== INICIANDO SISTEMA DA PADARIA DOCE SABOR =====
[2025-09-16T16:33:17.628Z] [INFO] Buscando todos os produtos...
[2025-09-16T16:33:17.629Z] [INFO] Buscando todas as categorias...
[2025-09-16T16:33:17.631Z] [INFO] Adicionando novo produto: Sonho de Creme
[2025-09-16T16:33:17.631Z] [INFO] Buscando todos os produtos...
[2025-09-16T16:33:17.632Z] [INFO] Produto "Sonho de Creme" adicionado com sucesso com o ID 8.
[2025-09-16T16:33:17.633Z] [INFO] Buscando todos os produtos...
[2025-09-16T16:33:17.635Z] [INFO] Buscando produto com ID: 2
[2025-09-16T16:33:17.635Z] [INFO] Buscando todos os produtos...
[2025-09-16T16:33:17.635Z] [INFO] Produto encontrado: Bolo de Chocolate
[2025-09-16T16:33:17.635Z] [INFO] ===== SISTEMA DA PADARIA FINALIZADO =====
[2025-09-16T16:34:38.622Z] [INFO] ===== INICIANDO SISTEMA DA PADARIA DOCE SABOR =====
[2025-09-16T16:34:38.627Z] [INFO] Buscando todos os produtos...
[2025-09-16T16:34:38.628Z] [INFO] Buscando todas as categorias...
[2025-09-16T16:34:38.631Z] [INFO] Adicionando novo produto: Sonho de Creme
[2025-09-16T16:34:38.631Z] [INFO] Buscando todos os produtos...
[2025-09-16T16:34:38.632Z] [INFO] Produto "Sonho de Creme" adicionado com sucesso com o ID 9.
[2025-09-16T16:34:38.633Z] [INFO] Buscando todos os produtos...
[2025-09-16T16:34:38.634Z] [INFO] Buscando produto com ID: 2
[2025-09-16T16:34:38.634Z] [INFO] Buscando todos os produtos...
[2025-09-16T16:34:38.634Z] [INFO] Produto encontrado: Bolo de Chocolate
[2025-09-16T16:34:38.635Z] [INFO] ===== SISTEMA DA PADARIA FINALIZADO =====
[2025-09-16T16:39:31.325Z] [INFO] ===== INICIANDO SISTEMA DA PADARIA DOCE SABOR =====
[2025-09-16T16:39:31.330Z] [INFO] Buscando todos os produtos...
[2025-09-16T16:39:31.331Z] [INFO] Buscando todas as categorias...
[2025-09-16T16:39:31.334Z] [INFO] Adicionando novo produto: Sonho de Creme
[2025-09-16T16:39:31.334Z] [INFO] Buscando todos os produtos...
[2025-09-16T16:39:31.335Z] [INFO] Produto "Sonho de Creme" adicionado com sucesso com o ID 10.
[2025-09-16T16:39:31.335Z] [INFO] Buscando todos os produtos...
[2025-09-16T16:39:31.337Z] [INFO] Buscando todos os produtos...
[2025-09-16T16:39:31.337Z] [INFO] Buscando produto com ID: 2
[2025-09-16T16:39:31.337Z] [INFO] Produto encontrado: Bolo de Chocolate
[2025-09-16T16:39:31.338Z] [INFO] ===== SISTEMA DA PADARIA FINALIZADO =====
[2025-09-16T16:39:53.979Z] [INFO] ===== INICIANDO SISTEMA DA PADARIA DOCE SABOR =====
[2025-09-16T16:39:53.984Z] [INFO] Buscando todos os produtos...
[2025-09-16T16:39:53.985Z] [INFO] Buscando todas as categorias...
[2025-09-16T16:39:53.989Z] [INFO] Adicionando novo produto: Sonho de Creme
[2025-09-16T16:39:53.989Z] [INFO] Buscando todos os produtos...
[2025-09-16T16:39:53.991Z] [INFO] Produto "Sonho de Creme" adicionado com sucesso com o ID 11.
[2025-09-16T16:39:53.992Z] [INFO] Buscando todos os produtos...
[2025-09-16T16:39:53.994Z] [INFO] Buscando produto com ID: 2
[2025-09-16T16:39:53.994Z] [INFO] Buscando todos os produtos...
[2025-09-16T16:39:53.994Z] [INFO] Produto encontrado: Bolo de Chocolate
[2025-09-16T16:39:53.995Z] [INFO] ===== SISTEMA DA PADARIA FINALIZADO =====
[2025-09-16T16:40:26.351Z] [INFO] ===== INICIANDO SISTEMA DA PADARIA DOCE SABOR =====
[2025-09-16T16:40:26.357Z] [INFO] Buscando todos os produtos...
[2025-09-16T16:40:26.358Z] [INFO] Buscando todas as categorias...
[2025-09-16T16:40:26.362Z] [INFO] Buscando todos os produtos...
[2025-09-16T16:40:26.362Z] [INFO] Adicionando novo produto: Sonho de Creme
[2025-09-16T16:40:26.363Z] [INFO] Produto "Sonho de Creme" adicionado com sucesso com o ID 12.
[2025-09-16T16:40:26.364Z] [INFO] Buscando todos os produtos...
[2025-09-16T16:40:26.365Z] [INFO] Buscando todos os produtos...
[2025-09-16T16:40:26.365Z] [INFO] Buscando produto com ID: 2
[2025-09-16T16:40:26.366Z] [INFO] Produto encontrado: Bolo de Chocolate
[2025-09-16T16:40:26.366Z] [INFO] ===== SISTEMA DA PADARIA FINALIZADO =====
[2025-09-16T16:40:38.060Z] [INFO] ===== INICIANDO SISTEMA DA PADARIA DOCE SABOR =====
[2025-09-16T16:40:38.065Z] [INFO] Buscando todos os produtos...
[2025-09-16T16:40:38.066Z] [INFO] Buscando todas as categorias...
[2025-09-16T16:40:38.069Z] [INFO] Adicionando novo produto: Sonho de Creme
[2025-09-16T16:40:38.070Z] [INFO] Buscando todos os produtos...
[2025-09-16T16:40:38.071Z] [INFO] Produto "Sonho de Creme" adicionado com sucesso com o ID 13.
[2025-09-16T16:40:38.072Z] [INFO] Buscando todos os produtos...
[2025-09-16T16:40:38.074Z] [INFO] Buscando todos os produtos...
[2025-09-16T16:40:38.074Z] [INFO] Buscando produto com ID: 2
[2025-09-16T16:40:38.074Z] [INFO] Produto encontrado: Bolo de Chocolate
[2025-09-16T16:40:38.075Z] [INFO] ===== SISTEMA DA PADARIA FINALIZADO =====
